<?xml version="1.0" encoding="UTF-8"?>
<testng-results skipped="0" failed="0" ignored="0" total="1" passed="1">
  <reporter-output>
  </reporter-output>
  <suite name="Default suite" duration-ms="55375" started-at="2017-02-05T04:01:30Z" finished-at="2017-02-05T04:02:25Z">
    <groups>
    </groups>
    <test name="Default test" duration-ms="55375" started-at="2017-02-05T04:01:30Z" finished-at="2017-02-05T04:02:25Z">
      <class name="com.cleartrip.testcases.CleartripSignupTestCase">
        <test-method status="PASS" signature="beforeSignUp()[pri:0, instance:com.cleartrip.testcases.CleartripSignupTestCase@1fffcd7]" name="beforeSignUp" is-config="true" duration-ms="17642" started-at="2017-02-05T09:31:30Z" finished-at="2017-02-05T09:31:47Z">
          <reporter-output>
          </reporter-output>
        </test-method> <!-- beforeSignUp -->
        <test-method status="PASS" signature="signup()[pri:0, instance:com.cleartrip.testcases.CleartripSignupTestCase@1fffcd7]" name="signup" duration-ms="37696" started-at="2017-02-05T09:31:48Z" finished-at="2017-02-05T09:32:25Z">
          <reporter-output>
          </reporter-output>
        </test-method> <!-- signup -->
      </class> <!-- com.cleartrip.testcases.CleartripSignupTestCase -->
    </test> <!-- Default test -->
  </suite> <!-- Default suite -->
</testng-results>
